<?xml version="1.0" encoding="UTF-8"?>
<testsuite name="com.app.cfd.CfdApplicationTests" tests="1" skipped="0" failures="0" errors="0" timestamp="2022-12-26T20:45:33" hostname="Jacobs-MacBook-Pro.local" time="0.47">
  <properties/>
  <testcase name="contextLoads()" classname="com.app.cfd.CfdApplicationTests" time="0.47"/>
  <system-out><![CDATA[15:45:29.957 [Test worker] DEBUG org.springframework.boot.test.context.SpringBootTestContextBootstrapper - Neither @ContextConfiguration nor @ContextHierarchy found for test class [CfdApplicationTests]: using SpringBootContextLoader
15:45:29.972 [Test worker] DEBUG org.springframework.test.context.support.AbstractContextLoader - Could not detect default resource locations for test class [com.app.cfd.CfdApplicationTests]: no resource found for suffixes {-context.xml, Context.groovy}.
15:45:29.973 [Test worker] INFO org.springframework.test.context.support.AnnotationConfigContextLoaderUtils - Could not detect default configuration classes for test class [com.app.cfd.CfdApplicationTests]: CfdApplicationTests does not declare any static, non-private, non-final, nested classes annotated with @Configuration.
15:45:30.009 [Test worker] DEBUG org.springframework.boot.test.context.SpringBootTestContextBootstrapper - Using ContextCustomizers for test class [CfdApplicationTests]: [DisableObservabilityContextCustomizer, PropertyMappingContextCustomizer, Customizer, ExcludeFilterContextCustomizer, DuplicateJsonObjectContextCustomizer, MockitoContextCustomizer, TestRestTemplateContextCustomizer]
15:45:30.101 [Test worker] DEBUG org.springframework.context.annotation.ClassPathScanningCandidateComponentProvider - Identified candidate component class: file [/Users/jacobwoods/workspace/CFD/build/classes/java/main/com/app/cfd/CfdApplication.class]
15:45:30.104 [Test worker] INFO org.springframework.boot.test.context.SpringBootTestContextBootstrapper - Found @SpringBootConfiguration com.app.cfd.CfdApplication for test class com.app.cfd.CfdApplicationTests
15:45:30.219 [Test worker] DEBUG org.springframework.boot.test.context.SpringBootTestContextBootstrapper - Using TestExecutionListeners for test class [CfdApplicationTests]: [ServletTestExecutionListener, DirtiesContextBeforeModesTestExecutionListener, ApplicationEventsTestExecutionListener, MockitoTestExecutionListener, DependencyInjectionTestExecutionListener, DirtiesContextTestExecutionListener, TransactionalTestExecutionListener, SqlScriptsTestExecutionListener, EventPublishingTestExecutionListener, RestDocsTestExecutionListener, MockRestServiceServerResetTestExecutionListener, MockMvcPrintOnlyOnFailureTestExecutionListener, WebDriverTestExecutionListener, MockWebServiceServerTestExecutionListener, ResetMocksTestExecutionListener]
15:45:30.220 [Test worker] DEBUG org.springframework.test.context.support.AbstractDirtiesContextTestExecutionListener - Before test class: class [CfdApplicationTests], class annotated with @DirtiesContext [false] with mode [null]

  .   ____          _            __ _ _
 /\\ / ___'_ __ _ _(_)_ __  __ _ \ \ \ \
( ( )\___ | '_ | '_| | '_ \/ _` | \ \ \ \
 \\/  ___)| |_)| | | | | || (_| |  ) ) ) )
  '  |____| .__|_| |_|_| |_\__, | / / / /
 =========|_|==============|___/=/_/_/_/
 :: Spring Boot ::                (v3.0.0)

2022-12-26T15:45:30.594-05:00  INFO 80759 --- [    Test worker] com.app.cfd.CfdApplicationTests          : Starting CfdApplicationTests using Java 17 with PID 80759 (started by jacobwoods in /Users/jacobwoods/workspace/CFD)
2022-12-26T15:45:30.596-05:00  INFO 80759 --- [    Test worker] com.app.cfd.CfdApplicationTests          : No active profile set, falling back to 1 default profile: "default"
2022-12-26T15:45:31.242-05:00  INFO 80759 --- [    Test worker] .s.d.r.c.RepositoryConfigurationDelegate : Bootstrapping Spring Data JDBC repositories in DEFAULT mode.
2022-12-26T15:45:31.271-05:00  INFO 80759 --- [    Test worker] .s.d.r.c.RepositoryConfigurationDelegate : Finished Spring Data repository scanning in 24 ms. Found 0 JDBC repository interfaces.
2022-12-26T15:45:32.223-05:00  INFO 80759 --- [    Test worker] o.f.c.internal.license.VersionPrinter    : Flyway Community Edition 9.5.1 by Redgate
2022-12-26T15:45:32.224-05:00  INFO 80759 --- [    Test worker] o.f.c.internal.license.VersionPrinter    : See what's new here: https://flywaydb.org/documentation/learnmore/releaseNotes#9.5.1
2022-12-26T15:45:32.224-05:00  INFO 80759 --- [    Test worker] o.f.c.internal.license.VersionPrinter    : 
2022-12-26T15:45:32.232-05:00  INFO 80759 --- [    Test worker] com.zaxxer.hikari.HikariDataSource       : HikariPool-1 - Starting...
2022-12-26T15:45:32.618-05:00  INFO 80759 --- [    Test worker] com.zaxxer.hikari.pool.HikariPool        : HikariPool-1 - Added connection org.postgresql.jdbc.PgConnection@773eca84
2022-12-26T15:45:32.620-05:00  INFO 80759 --- [    Test worker] com.zaxxer.hikari.HikariDataSource       : HikariPool-1 - Start completed.
2022-12-26T15:45:32.646-05:00  INFO 80759 --- [    Test worker] o.f.c.i.database.base.BaseDatabaseType   : Database: jdbc:postgresql://localhost:5432/postgres (PostgreSQL 14.0)
2022-12-26T15:45:32.738-05:00  INFO 80759 --- [    Test worker] o.f.core.internal.command.DbValidate     : Successfully validated 1 migration (execution time 00:00.053s)
2022-12-26T15:45:32.814-05:00  INFO 80759 --- [    Test worker] o.f.core.internal.command.DbMigrate      : Current version of schema "public": 1.0.0
2022-12-26T15:45:32.826-05:00  INFO 80759 --- [    Test worker] o.f.core.internal.command.DbMigrate      : Schema "public" is up to date. No migration necessary.
2022-12-26T15:45:33.065-05:00  INFO 80759 --- [    Test worker] com.app.cfd.CfdApplicationTests          : Started CfdApplicationTests in 2.795 seconds (process running for 4.746)
]]></system-out>
  <system-err><![CDATA[]]></system-err>
</testsuite>
